# JRE version: Java(TM) SE Runtime Environment (8.0_45-b14) (build 1.8.0_45-b14)
# Java VM: Java HotSpot(TM) 64-Bit Server VM (25.45-b02 mixed mode linux-amd64 compressed oops)
Heap:
 PSYoungGen      total 663552K, used 0K [0x00000000d6c00000, 0x0000000100000000, 0x0000000100000000)
  eden space 651264K, 0% used [0x00000000d6c00000,0x00000000d6c00000,0x00000000fe800000)
  from space 12288K, 0% used [0x00000000fe800000,0x00000000fe800000,0x00000000ff400000)
  to   space 11776K, 0% used [0x00000000ff480000,0x00000000ff480000,0x0000000100000000)
 ParOldGen       total 246272K, used 234934K [0x0000000084400000, 0x0000000093480000, 0x00000000d6c00000)
  object space 246272K, 95% used [0x0000000084400000,0x000000009296d978,0x0000000093480000)
 Metaspace       used 6889K, capacity 7106K, committed 7296K, reserved 1056768K
  class space    used 767K, capacity 839K, committed 896K, reserved 1048576K
GC Heap History (10 events):
Event: 210.729 GC heap after
Heap after GC invocations=204 (full 3):
 PSYoungGen      total 570880K, used 5696K [0x00000000d6c00000, 0x00000000fdb80000, 0x0000000100000000)
  eden space 560640K, 0% used [0x00000000d6c00000,0x00000000d6c00000,0x00000000f8f80000)
  from space 10240K, 55% used [0x00000000f8f80000,0x00000000f9510000,0x00000000f9980000)
  to   space 10240K, 0% used [0x00000000fd180000,0x00000000fd180000,0x00000000fdb80000)
 ParOldGen       total 228352K, used 199626K [0x0000000084400000, 0x0000000092300000, 0x00000000d6c00000)
  object space 228352K, 87% used [0x0000000084400000,0x00000000906f2b78,0x0000000092300000)
 Metaspace       used 6889K, capacity 7106K, committed 7296K, reserved 1056768K
  class space    used 767K, capacity 839K, committed 896K, reserved 1048576K
}
Event: 216.327 GC heap before
{Heap before GC invocations=205 (full 3):
 PSYoungGen      total 570880K, used 566336K [0x00000000d6c00000, 0x00000000fdb80000, 0x0000000100000000)
  eden space 560640K, 100% used [0x00000000d6c00000,0x00000000f8f80000,0x00000000f8f80000)
  from space 10240K, 55% used [0x00000000f8f80000,0x00000000f9510000,0x00000000f9980000)
  to   space 10240K, 0% used [0x00000000fd180000,0x00000000fd180000,0x00000000fdb80000)
 ParOldGen       total 228352K, used 199626K [0x0000000084400000, 0x0000000092300000, 0x00000000d6c00000)
  object space 228352K, 87% used [0x0000000084400000,0x00000000906f2b78,0x0000000092300000)
 Metaspace       used 6889K, capacity 7106K, committed 7296K, reserved 1056768K
  class space    used 767K, capacity 839K, committed 896K, reserved 1048576K
Event: 216.354 GC heap after
Heap after GC invocations=205 (full 3):
 PSYoungGen      total 623104K, used 5728K [0x00000000d6c00000, 0x00000000fd880000, 0x0000000100000000)
  eden space 615936K, 0% used [0x00000000d6c00000,0x00000000d6c00000,0x00000000fc580000)
  from space 7168K, 79% used [0x00000000fd180000,0x00000000fd718000,0x00000000fd880000)
  to   space 9728K, 0% used [0x00000000fc580000,0x00000000fc580000,0x00000000fcf00000)
 ParOldGen       total 228352K, used 205306K [0x0000000084400000, 0x0000000092300000, 0x00000000d6c00000)
  object space 228352K, 89% used [0x0000000084400000,0x0000000090c7eb78,0x0000000092300000)
 Metaspace       used 6889K, capacity 7106K, committed 7296K, reserved 1056768K
  class space    used 767K, capacity 839K, committed 896K, reserved 1048576K
}
Event: 222.381 GC heap before
{Heap before GC invocations=206 (full 3):
 PSYoungGen      total 623104K, used 621664K [0x00000000d6c00000, 0x00000000fd880000, 0x0000000100000000)
  eden space 615936K, 100% used [0x00000000d6c00000,0x00000000fc580000,0x00000000fc580000)
  from space 7168K, 79% used [0x00000000fd180000,0x00000000fd718000,0x00000000fd880000)
  to   space 9728K, 0% used [0x00000000fc580000,0x00000000fc580000,0x00000000fcf00000)
 ParOldGen       total 228352K, used 205306K [0x0000000084400000, 0x0000000092300000, 0x00000000d6c00000)
  object space 228352K, 89% used [0x0000000084400000,0x0000000090c7eb78,0x0000000092300000)
 Metaspace       used 6889K, capacity 7106K, committed 7296K, reserved 1056768K
  class space    used 767K, capacity 839K, committed 896K, reserved 1048576K
Event: 222.403 GC heap after
Heap after GC invocations=206 (full 3):
 PSYoungGen      total 625664K, used 6336K [0x00000000d6c00000, 0x0000000100000000, 0x0000000100000000)
  eden space 615936K, 0% used [0x00000000d6c00000,0x00000000d6c00000,0x00000000fc580000)
  from space 9728K, 65% used [0x00000000fc580000,0x00000000fcbb0000,0x00000000fcf00000)
  to   space 9728K, 0% used [0x00000000ff680000,0x00000000ff680000,0x0000000100000000)
 ParOldGen       total 228352K, used 211010K [0x0000000084400000, 0x0000000092300000, 0x00000000d6c00000)
  object space 228352K, 92% used [0x0000000084400000,0x0000000091210b78,0x0000000092300000)
 Metaspace       used 6889K, capacity 7106K, committed 7296K, reserved 1056768K
  class space    used 767K, capacity 839K, committed 896K, reserved 1048576K
}
Event: 228.749 GC heap before
{Heap before GC invocations=207 (full 3):
 PSYoungGen      total 625664K, used 622272K [0x00000000d6c00000, 0x0000000100000000, 0x0000000100000000)
  eden space 615936K, 100% used [0x00000000d6c00000,0x00000000fc580000,0x00000000fc580000)
  from space 9728K, 65% used [0x00000000fc580000,0x00000000fcbb0000,0x00000000fcf00000)
  to   space 9728K, 0% used [0x00000000ff680000,0x00000000ff680000,0x0000000100000000)
 ParOldGen       total 228352K, used 211010K [0x0000000084400000, 0x0000000092300000, 0x00000000d6c00000)
  object space 228352K, 92% used [0x0000000084400000,0x0000000091210b78,0x0000000092300000)
 Metaspace       used 6889K, capacity 7106K, committed 7296K, reserved 1056768K
  class space    used 767K, capacity 839K, committed 896K, reserved 1048576K
Event: 228.776 GC heap after
Heap after GC invocations=207 (full 3):
 PSYoungGen      total 660992K, used 9728K [0x00000000d6c00000, 0x0000000100000000, 0x0000000100000000)
  eden space 651264K, 0% used [0x00000000d6c00000,0x00000000d6c00000,0x00000000fe800000)
  from space 9728K, 100% used [0x00000000ff680000,0x0000000100000000,0x0000000100000000)
  to   space 12288K, 0% used [0x00000000fe800000,0x00000000fe800000,0x00000000ff400000)
 ParOldGen       total 228352K, used 213706K [0x0000000084400000, 0x0000000092300000, 0x00000000d6c00000)
  object space 228352K, 93% used [0x0000000084400000,0x00000000914b2b78,0x0000000092300000)
 Metaspace       used 6889K, capacity 7106K, committed 7296K, reserved 1056768K
  class space    used 767K, capacity 839K, committed 896K, reserved 1048576K
}
Event: 234.946 GC heap before
{Heap before GC invocations=208 (full 3):
 PSYoungGen      total 660992K, used 660992K [0x00000000d6c00000, 0x0000000100000000, 0x0000000100000000)
  eden space 651264K, 100% used [0x00000000d6c00000,0x00000000fe800000,0x00000000fe800000)
  from space 9728K, 100% used [0x00000000ff680000,0x0000000100000000,0x0000000100000000)
  to   space 12288K, 0% used [0x00000000fe800000,0x00000000fe800000,0x00000000ff400000)
 ParOldGen       total 228352K, used 213706K [0x0000000084400000, 0x0000000092300000, 0x00000000d6c00000)
  object space 228352K, 93% used [0x0000000084400000,0x00000000914b2b78,0x0000000092300000)
 Metaspace       used 6889K, capacity 7106K, committed 7296K, reserved 1056768K
  class space    used 767K, capacity 839K, committed 896K, reserved 1048576K
Event: 235.024 GC heap after
Heap after GC invocations=208 (full 3):
 PSYoungGen      total 663552K, used 6496K [0x00000000d6c00000, 0x0000000100000000, 0x0000000100000000)
  eden space 651264K, 0% used [0x00000000d6c00000,0x00000000d6c00000,0x00000000fe800000)
  from space 12288K, 52% used [0x00000000fe800000,0x00000000fee58000,0x00000000ff400000)
  to   space 11776K, 0% used [0x00000000ff480000,0x00000000ff480000,0x0000000100000000)
 ParOldGen       total 246272K, used 241270K [0x0000000084400000, 0x0000000093480000, 0x00000000d6c00000)
  object space 246272K, 97% used [0x0000000084400000,0x0000000092f9d8a0,0x0000000093480000)
 Metaspace       used 6889K, capacity 7106K, committed 7296K, reserved 1056768K
  class space    used 767K, capacity 839K, committed 896K, reserved 1048576K
}
Event: 235.024 GC heap before
{Heap before GC invocations=209 (full 4):
 PSYoungGen      total 663552K, used 6496K [0x00000000d6c00000, 0x0000000100000000, 0x0000000100000000)
  eden space 651264K, 0% used [0x00000000d6c00000,0x00000000d6c00000,0x00000000fe800000)
  from space 12288K, 52% used [0x00000000fe800000,0x00000000fee58000,0x00000000ff400000)
  to   space 11776K, 0% used [0x00000000ff480000,0x00000000ff480000,0x0000000100000000)
 ParOldGen       total 246272K, used 241270K [0x0000000084400000, 0x0000000093480000, 0x00000000d6c00000)
  object space 246272K, 97% used [0x0000000084400000,0x0000000092f9d8a0,0x0000000093480000)
 Metaspace       used 6889K, capacity 7106K, committed 7296K, reserved 1056768K
  class space    used 767K, capacity 839K, committed 896K, reserved 1048576K

